2020-01-03 09:28:51.595  INFO 46189 --- [main] com.icart.SellerMS.SellerMsApplication   : Starting SellerMsApplication on Kahlil.local with PID 46189 (/Users/machd/Desktop/iCart/iCart/SellerMS/target/classes started by machd in /Users/machd/Desktop/iCart/iCart/SellerMS)
2020-01-03 09:28:51.605  INFO 46189 --- [main] com.icart.SellerMS.SellerMsApplication   : No active profile set, falling back to default profiles: default
2020-01-03 09:28:53.825  INFO 46189 --- [main] .s.d.r.c.RepositoryConfigurationDelegate : Bootstrapping Spring Data JPA repositories in DEFAULT mode.
2020-01-03 09:28:53.925  INFO 46189 --- [main] .s.d.r.c.RepositoryConfigurationDelegate : Finished Spring Data repository scanning in 43ms. Found 0 JPA repository interfaces.
2020-01-03 09:28:54.601  INFO 46189 --- [main] trationDelegate$BeanPostProcessorChecker : Bean 'org.springframework.transaction.annotation.ProxyTransactionManagementConfiguration' of type [org.springframework.transaction.annotation.ProxyTransactionManagementConfiguration] is not eligible for getting processed by all BeanPostProcessors (for example: not eligible for auto-proxying)
2020-01-03 09:28:55.310  INFO 46189 --- [main] o.s.b.w.embedded.tomcat.TomcatWebServer  : Tomcat initialized with port(s): 8080 (http)
2020-01-03 09:28:55.351  INFO 46189 --- [main] o.apache.catalina.core.StandardService   : Starting service [Tomcat]
2020-01-03 09:28:55.352  INFO 46189 --- [main] org.apache.catalina.core.StandardEngine  : Starting Servlet engine: [Apache Tomcat/9.0.29]
2020-01-03 09:28:55.667  INFO 46189 --- [main] o.a.c.c.C.[Tomcat].[localhost].[/]       : Initializing Spring embedded WebApplicationContext
2020-01-03 09:28:55.667  INFO 46189 --- [main] o.s.web.context.ContextLoader            : Root WebApplicationContext: initialization completed in 3912 ms
2020-01-03 09:28:56.155  INFO 46189 --- [main] o.hibernate.jpa.internal.util.LogHelper  : HHH000204: Processing PersistenceUnitInfo [name: default]
2020-01-03 09:28:56.590  INFO 46189 --- [main] org.hibernate.Version                    : HHH000412: Hibernate Core {5.4.9.Final}
2020-01-03 09:28:57.405  INFO 46189 --- [main] o.hibernate.annotations.common.Version   : HCANN000001: Hibernate Commons Annotations {5.1.0.Final}
2020-01-03 09:28:57.890  INFO 46189 --- [main] com.zaxxer.hikari.HikariDataSource       : HikariPool-1 - Starting...
2020-01-03 09:28:58.732  INFO 46189 --- [main] com.zaxxer.hikari.HikariDataSource       : HikariPool-1 - Start completed.
2020-01-03 09:28:58.795  INFO 46189 --- [main] org.hibernate.dialect.Dialect            : HHH000400: Using dialect: org.hibernate.dialect.MySQL5Dialect
2020-01-03 09:29:01.376  INFO 46189 --- [main] o.h.e.t.j.p.i.JtaPlatformInitiator       : HHH000490: Using JtaPlatform implementation: [org.hibernate.engine.transaction.jta.platform.internal.NoJtaPlatform]
2020-01-03 09:29:01.401  INFO 46189 --- [main] j.LocalContainerEntityManagerFactoryBean : Initialized JPA EntityManagerFactory for persistence unit 'default'
2020-01-03 09:29:01.758  WARN 46189 --- [main] JpaBaseConfiguration$JpaWebConfiguration : spring.jpa.open-in-view is enabled by default. Therefore, database queries may be performed during view rendering. Explicitly configure spring.jpa.open-in-view to disable this warning
2020-01-03 09:29:02.258  INFO 46189 --- [main] o.s.s.concurrent.ThreadPoolTaskExecutor  : Initializing ExecutorService 'applicationTaskExecutor'
2020-01-03 09:29:02.965  INFO 46189 --- [main] o.s.b.w.embedded.tomcat.TomcatWebServer  : Tomcat started on port(s): 8080 (http) with context path ''
2020-01-03 09:29:02.982  INFO 46189 --- [main] com.icart.SellerMS.SellerMsApplication   : Started SellerMsApplication in 12.594 seconds (JVM running for 19.902)
2020-01-03 09:43:22.921  INFO 46189 --- [http-nio-8080-exec-2] o.a.c.c.C.[Tomcat].[localhost].[/]       : Initializing Spring DispatcherServlet 'dispatcherServlet'
2020-01-03 09:43:22.926  INFO 46189 --- [http-nio-8080-exec-2] o.s.web.servlet.DispatcherServlet        : Initializing Servlet 'dispatcherServlet'
2020-01-03 09:43:22.964  INFO 46189 --- [http-nio-8080-exec-2] o.s.web.servlet.DispatcherServlet        : Completed initialization in 38 ms
2020-01-03 09:53:32.839  WARN 46189 --- [http-nio-8080-exec-5] .w.s.m.s.DefaultHandlerExceptionResolver : Resolved [org.springframework.web.HttpRequestMethodNotSupportedException: Request method 'GET' not supported]
2020-01-03 09:53:53.861  INFO 46189 --- [http-nio-8080-exec-6] com.icart.SellerMS.controller.SellerAPI  : USER TRYING TO REGISTER AS A SELLER WITH EMAIL ID IJustWantToTestForLogger@logger.com
2020-01-03 10:06:37.790  INFO 46189 --- [RMI TCP Connection(49)-127.0.0.1] inMXBeanRegistrar$SpringApplicationAdmin : Application shutdown requested.
2020-01-03 10:06:37.826  INFO 46189 --- [RMI TCP Connection(49)-127.0.0.1] o.s.s.concurrent.ThreadPoolTaskExecutor  : Shutting down ExecutorService 'applicationTaskExecutor'
2020-01-03 10:06:37.830  INFO 46189 --- [RMI TCP Connection(49)-127.0.0.1] j.LocalContainerEntityManagerFactoryBean : Closing JPA EntityManagerFactory for persistence unit 'default'
2020-01-03 10:06:37.852  INFO 46189 --- [RMI TCP Connection(49)-127.0.0.1] com.zaxxer.hikari.HikariDataSource       : HikariPool-1 - Shutdown initiated...
2020-01-03 10:06:37.892  INFO 46189 --- [RMI TCP Connection(49)-127.0.0.1] com.zaxxer.hikari.HikariDataSource       : HikariPool-1 - Shutdown completed.
2020-01-03 10:06:48.816  INFO 46398 --- [main] com.icart.SellerMS.SellerMsApplication   : Starting SellerMsApplication on Kahlil.local with PID 46398 (/Users/machd/Desktop/iCart/iCart/SellerMS/target/classes started by machd in /Users/machd/Desktop/iCart/iCart/SellerMS)
2020-01-03 10:06:48.822  INFO 46398 --- [main] com.icart.SellerMS.SellerMsApplication   : No active profile set, falling back to default profiles: default
2020-01-03 10:06:50.989  INFO 46398 --- [main] .s.d.r.c.RepositoryConfigurationDelegate : Bootstrapping Spring Data JPA repositories in DEFAULT mode.
2020-01-03 10:06:51.077  INFO 46398 --- [main] .s.d.r.c.RepositoryConfigurationDelegate : Finished Spring Data repository scanning in 41ms. Found 0 JPA repository interfaces.
2020-01-03 10:06:51.814  INFO 46398 --- [main] trationDelegate$BeanPostProcessorChecker : Bean 'org.springframework.transaction.annotation.ProxyTransactionManagementConfiguration' of type [org.springframework.transaction.annotation.ProxyTransactionManagementConfiguration] is not eligible for getting processed by all BeanPostProcessors (for example: not eligible for auto-proxying)
2020-01-03 10:06:52.562  INFO 46398 --- [main] o.s.b.w.embedded.tomcat.TomcatWebServer  : Tomcat initialized with port(s): 8080 (http)
2020-01-03 10:06:52.618  INFO 46398 --- [main] o.apache.catalina.core.StandardService   : Starting service [Tomcat]
2020-01-03 10:06:52.619  INFO 46398 --- [main] org.apache.catalina.core.StandardEngine  : Starting Servlet engine: [Apache Tomcat/9.0.29]
2020-01-03 10:06:52.908  INFO 46398 --- [main] o.a.c.c.C.[Tomcat].[localhost].[/]       : Initializing Spring embedded WebApplicationContext
2020-01-03 10:06:52.909  INFO 46398 --- [main] o.s.web.context.ContextLoader            : Root WebApplicationContext: initialization completed in 3946 ms
2020-01-03 10:06:53.397  INFO 46398 --- [main] o.hibernate.jpa.internal.util.LogHelper  : HHH000204: Processing PersistenceUnitInfo [name: default]
2020-01-03 10:06:53.832  INFO 46398 --- [main] org.hibernate.Version                    : HHH000412: Hibernate Core {5.4.9.Final}
2020-01-03 10:06:54.597  INFO 46398 --- [main] o.hibernate.annotations.common.Version   : HCANN000001: Hibernate Commons Annotations {5.1.0.Final}
2020-01-03 10:06:55.064  INFO 46398 --- [main] com.zaxxer.hikari.HikariDataSource       : HikariPool-1 - Starting...
2020-01-03 10:06:56.570  INFO 46398 --- [main] com.zaxxer.hikari.HikariDataSource       : HikariPool-1 - Start completed.
2020-01-03 10:06:56.624  INFO 46398 --- [main] org.hibernate.dialect.Dialect            : HHH000400: Using dialect: org.hibernate.dialect.MySQL5Dialect
2020-01-03 10:06:59.177  INFO 46398 --- [main] o.h.e.t.j.p.i.JtaPlatformInitiator       : HHH000490: Using JtaPlatform implementation: [org.hibernate.engine.transaction.jta.platform.internal.NoJtaPlatform]
2020-01-03 10:06:59.205  INFO 46398 --- [main] j.LocalContainerEntityManagerFactoryBean : Initialized JPA EntityManagerFactory for persistence unit 'default'
2020-01-03 10:06:59.565  WARN 46398 --- [main] JpaBaseConfiguration$JpaWebConfiguration : spring.jpa.open-in-view is enabled by default. Therefore, database queries may be performed during view rendering. Explicitly configure spring.jpa.open-in-view to disable this warning
2020-01-03 10:07:00.098  INFO 46398 --- [main] o.s.s.concurrent.ThreadPoolTaskExecutor  : Initializing ExecutorService 'applicationTaskExecutor'
2020-01-03 10:07:00.790  INFO 46398 --- [main] o.s.b.w.embedded.tomcat.TomcatWebServer  : Tomcat started on port(s): 8080 (http) with context path ''
2020-01-03 10:07:00.805  INFO 46398 --- [main] com.icart.SellerMS.SellerMsApplication   : Started SellerMsApplication in 13.259 seconds (JVM running for 21.027)
2020-01-03 10:09:02.340  INFO 46398 --- [http-nio-8080-exec-2] o.a.c.c.C.[Tomcat].[localhost].[/]       : Initializing Spring DispatcherServlet 'dispatcherServlet'
2020-01-03 10:09:02.346  INFO 46398 --- [http-nio-8080-exec-2] o.s.web.servlet.DispatcherServlet        : Initializing Servlet 'dispatcherServlet'
2020-01-03 10:09:02.384  INFO 46398 --- [http-nio-8080-exec-2] o.s.web.servlet.DispatcherServlet        : Completed initialization in 37 ms
2020-01-03 10:09:03.049  INFO 46398 --- [http-nio-8080-exec-2] com.icart.SellerMS.controller.SellerAPI  : USER TRYING TO REGISTER AS A SELLER WITH EMAIL ID ... IJustWantToTestForLogger@logger.com
2020-01-03 10:09:03.323  WARN 46398 --- [http-nio-8080-exec-2] o.h.engine.jdbc.spi.SqlExceptionHelper   : SQL Error: 1062, SQLState: 23000
2020-01-03 10:09:03.324 ERROR 46398 --- [http-nio-8080-exec-2] o.h.engine.jdbc.spi.SqlExceptionHelper   : Duplicate entry 'IJustWantToTestForLogger@logger.com' for key 'PRIMARY'
2020-01-03 10:11:03.233  INFO 46398 --- [http-nio-8080-exec-5] com.icart.SellerMS.controller.SellerAPI  : USER TRYING TO REGISTER AS A SELLER WITH EMAIL ID ... IJustWantToTestForLogger1@logger.com
2020-01-03 10:59:02.693  INFO 46398 --- [RMI TCP Connection(64)-127.0.0.1] inMXBeanRegistrar$SpringApplicationAdmin : Application shutdown requested.
2020-01-03 10:59:02.727  INFO 46398 --- [RMI TCP Connection(64)-127.0.0.1] o.s.s.concurrent.ThreadPoolTaskExecutor  : Shutting down ExecutorService 'applicationTaskExecutor'
2020-01-03 10:59:02.730  INFO 46398 --- [RMI TCP Connection(64)-127.0.0.1] j.LocalContainerEntityManagerFactoryBean : Closing JPA EntityManagerFactory for persistence unit 'default'
2020-01-03 10:59:02.753  INFO 46398 --- [RMI TCP Connection(64)-127.0.0.1] com.zaxxer.hikari.HikariDataSource       : HikariPool-1 - Shutdown initiated...
2020-01-03 10:59:02.783  INFO 46398 --- [RMI TCP Connection(64)-127.0.0.1] com.zaxxer.hikari.HikariDataSource       : HikariPool-1 - Shutdown completed.
2020-01-03 10:59:13.760  INFO 46794 --- [main] com.icart.SellerMS.SellerMsApplication   : Starting SellerMsApplication on Kahlil.local with PID 46794 (/Users/machd/Desktop/iCart/iCart/SellerMS/target/classes started by machd in /Users/machd/Desktop/iCart/iCart/SellerMS)
2020-01-03 10:59:13.765  INFO 46794 --- [main] com.icart.SellerMS.SellerMsApplication   : No active profile set, falling back to default profiles: default
2020-01-03 10:59:15.987  INFO 46794 --- [main] .s.d.r.c.RepositoryConfigurationDelegate : Bootstrapping Spring Data JPA repositories in DEFAULT mode.
2020-01-03 10:59:16.064  INFO 46794 --- [main] .s.d.r.c.RepositoryConfigurationDelegate : Finished Spring Data repository scanning in 39ms. Found 0 JPA repository interfaces.
2020-01-03 10:59:16.731  INFO 46794 --- [main] trationDelegate$BeanPostProcessorChecker : Bean 'org.springframework.transaction.annotation.ProxyTransactionManagementConfiguration' of type [org.springframework.transaction.annotation.ProxyTransactionManagementConfiguration] is not eligible for getting processed by all BeanPostProcessors (for example: not eligible for auto-proxying)
2020-01-03 10:59:17.508  INFO 46794 --- [main] o.s.b.w.embedded.tomcat.TomcatWebServer  : Tomcat initialized with port(s): 8080 (http)
2020-01-03 10:59:17.549  INFO 46794 --- [main] o.apache.catalina.core.StandardService   : Starting service [Tomcat]
2020-01-03 10:59:17.550  INFO 46794 --- [main] org.apache.catalina.core.StandardEngine  : Starting Servlet engine: [Apache Tomcat/9.0.29]
2020-01-03 10:59:17.894  INFO 46794 --- [main] o.a.c.c.C.[Tomcat].[localhost].[/]       : Initializing Spring embedded WebApplicationContext
2020-01-03 10:59:17.895  INFO 46794 --- [main] o.s.web.context.ContextLoader            : Root WebApplicationContext: initialization completed in 3980 ms
2020-01-03 10:59:18.425  INFO 46794 --- [main] o.hibernate.jpa.internal.util.LogHelper  : HHH000204: Processing PersistenceUnitInfo [name: default]
2020-01-03 10:59:18.857  INFO 46794 --- [main] org.hibernate.Version                    : HHH000412: Hibernate Core {5.4.9.Final}
2020-01-03 10:59:19.712  INFO 46794 --- [main] o.hibernate.annotations.common.Version   : HCANN000001: Hibernate Commons Annotations {5.1.0.Final}
2020-01-03 10:59:20.209  INFO 46794 --- [main] com.zaxxer.hikari.HikariDataSource       : HikariPool-1 - Starting...
2020-01-03 10:59:22.248  INFO 46794 --- [main] com.zaxxer.hikari.HikariDataSource       : HikariPool-1 - Start completed.
2020-01-03 10:59:22.306  INFO 46794 --- [main] org.hibernate.dialect.Dialect            : HHH000400: Using dialect: org.hibernate.dialect.MySQL5Dialect
2020-01-03 10:59:24.973  INFO 46794 --- [main] o.h.e.t.j.p.i.JtaPlatformInitiator       : HHH000490: Using JtaPlatform implementation: [org.hibernate.engine.transaction.jta.platform.internal.NoJtaPlatform]
2020-01-03 10:59:24.996  INFO 46794 --- [main] j.LocalContainerEntityManagerFactoryBean : Initialized JPA EntityManagerFactory for persistence unit 'default'
2020-01-03 10:59:25.352  WARN 46794 --- [main] JpaBaseConfiguration$JpaWebConfiguration : spring.jpa.open-in-view is enabled by default. Therefore, database queries may be performed during view rendering. Explicitly configure spring.jpa.open-in-view to disable this warning
2020-01-03 10:59:25.843  INFO 46794 --- [main] o.s.s.concurrent.ThreadPoolTaskExecutor  : Initializing ExecutorService 'applicationTaskExecutor'
2020-01-03 10:59:26.524  INFO 46794 --- [main] o.s.b.w.embedded.tomcat.TomcatWebServer  : Tomcat started on port(s): 8080 (http) with context path ''
2020-01-03 10:59:26.540  INFO 46794 --- [main] com.icart.SellerMS.SellerMsApplication   : Started SellerMsApplication in 14.094 seconds (JVM running for 22.071)
2020-01-03 11:00:48.310  INFO 46794 --- [RMI TCP Connection(13)-127.0.0.1] inMXBeanRegistrar$SpringApplicationAdmin : Application shutdown requested.
2020-01-03 11:00:48.327  INFO 46794 --- [RMI TCP Connection(13)-127.0.0.1] o.s.s.concurrent.ThreadPoolTaskExecutor  : Shutting down ExecutorService 'applicationTaskExecutor'
2020-01-03 11:00:48.328  INFO 46794 --- [RMI TCP Connection(13)-127.0.0.1] j.LocalContainerEntityManagerFactoryBean : Closing JPA EntityManagerFactory for persistence unit 'default'
2020-01-03 11:00:48.347  INFO 46794 --- [RMI TCP Connection(13)-127.0.0.1] com.zaxxer.hikari.HikariDataSource       : HikariPool-1 - Shutdown initiated...
2020-01-03 11:00:48.377  INFO 46794 --- [RMI TCP Connection(13)-127.0.0.1] com.zaxxer.hikari.HikariDataSource       : HikariPool-1 - Shutdown completed.
2020-01-03 11:00:56.792  INFO 46805 --- [main] com.icart.SellerMS.SellerMsApplication   : Starting SellerMsApplication on Kahlil.local with PID 46805 (/Users/machd/Desktop/iCart/iCart/SellerMS/target/classes started by machd in /Users/machd/Desktop/iCart/iCart/SellerMS)
2020-01-03 11:00:56.795  INFO 46805 --- [main] com.icart.SellerMS.SellerMsApplication   : No active profile set, falling back to default profiles: default
2020-01-03 11:00:58.448  INFO 46805 --- [main] .s.d.r.c.RepositoryConfigurationDelegate : Bootstrapping Spring Data JPA repositories in DEFAULT mode.
2020-01-03 11:00:58.516  INFO 46805 --- [main] .s.d.r.c.RepositoryConfigurationDelegate : Finished Spring Data repository scanning in 33ms. Found 0 JPA repository interfaces.
2020-01-03 11:00:59.078  INFO 46805 --- [main] trationDelegate$BeanPostProcessorChecker : Bean 'org.springframework.transaction.annotation.ProxyTransactionManagementConfiguration' of type [org.springframework.transaction.annotation.ProxyTransactionManagementConfiguration] is not eligible for getting processed by all BeanPostProcessors (for example: not eligible for auto-proxying)
2020-01-03 11:00:59.681  INFO 46805 --- [main] o.s.b.w.embedded.tomcat.TomcatWebServer  : Tomcat initialized with port(s): 8080 (http)
2020-01-03 11:00:59.717  INFO 46805 --- [main] o.apache.catalina.core.StandardService   : Starting service [Tomcat]
2020-01-03 11:00:59.718  INFO 46805 --- [main] org.apache.catalina.core.StandardEngine  : Starting Servlet engine: [Apache Tomcat/9.0.29]
2020-01-03 11:00:59.928  INFO 46805 --- [main] o.a.c.c.C.[Tomcat].[localhost].[/]       : Initializing Spring embedded WebApplicationContext
2020-01-03 11:00:59.929  INFO 46805 --- [main] o.s.web.context.ContextLoader            : Root WebApplicationContext: initialization completed in 3009 ms
2020-01-03 11:01:00.341  INFO 46805 --- [main] o.hibernate.jpa.internal.util.LogHelper  : HHH000204: Processing PersistenceUnitInfo [name: default]
2020-01-03 11:01:00.648  INFO 46805 --- [main] org.hibernate.Version                    : HHH000412: Hibernate Core {5.4.9.Final}
2020-01-03 11:01:01.190  INFO 46805 --- [main] o.hibernate.annotations.common.Version   : HCANN000001: Hibernate Commons Annotations {5.1.0.Final}
2020-01-03 11:01:01.479  INFO 46805 --- [main] com.zaxxer.hikari.HikariDataSource       : HikariPool-1 - Starting...
2020-01-03 11:01:02.047  INFO 46805 --- [main] com.zaxxer.hikari.HikariDataSource       : HikariPool-1 - Start completed.
2020-01-03 11:01:02.088  INFO 46805 --- [main] org.hibernate.dialect.Dialect            : HHH000400: Using dialect: org.hibernate.dialect.MySQL5Dialect
2020-01-03 11:01:03.801  INFO 46805 --- [main] o.h.e.t.j.p.i.JtaPlatformInitiator       : HHH000490: Using JtaPlatform implementation: [org.hibernate.engine.transaction.jta.platform.internal.NoJtaPlatform]
2020-01-03 11:01:03.821  INFO 46805 --- [main] j.LocalContainerEntityManagerFactoryBean : Initialized JPA EntityManagerFactory for persistence unit 'default'
2020-01-03 11:01:04.002  WARN 46805 --- [main] JpaBaseConfiguration$JpaWebConfiguration : spring.jpa.open-in-view is enabled by default. Therefore, database queries may be performed during view rendering. Explicitly configure spring.jpa.open-in-view to disable this warning
2020-01-03 11:01:04.322  INFO 46805 --- [main] o.s.s.concurrent.ThreadPoolTaskExecutor  : Initializing ExecutorService 'applicationTaskExecutor'
2020-01-03 11:01:04.808  INFO 46805 --- [main] o.s.b.w.embedded.tomcat.TomcatWebServer  : Tomcat started on port(s): 8080 (http) with context path ''
2020-01-03 11:01:04.814  INFO 46805 --- [main] com.icart.SellerMS.SellerMsApplication   : Started SellerMsApplication in 8.772 seconds (JVM running for 15.091)
2020-01-03 11:02:48.105  INFO 46805 --- [http-nio-8080-exec-1] o.a.c.c.C.[Tomcat].[localhost].[/]       : Initializing Spring DispatcherServlet 'dispatcherServlet'
2020-01-03 11:02:48.112  INFO 46805 --- [http-nio-8080-exec-1] o.s.web.servlet.DispatcherServlet        : Initializing Servlet 'dispatcherServlet'
2020-01-03 11:02:48.155  INFO 46805 --- [http-nio-8080-exec-1] o.s.web.servlet.DispatcherServlet        : Completed initialization in 42 ms
2020-01-03 11:02:48.937  INFO 46805 --- [http-nio-8080-exec-1] com.icart.SellerMS.controller.SellerAPI  : USER IS ATTEMPTING TO REGISTER AS A SELLER WITH EMAIL ID: IJustWantToTestForLogger1@logger.com
2020-01-03 11:02:49.212  WARN 46805 --- [http-nio-8080-exec-1] o.h.engine.jdbc.spi.SqlExceptionHelper   : SQL Error: 1062, SQLState: 23000
2020-01-03 11:02:49.213 ERROR 46805 --- [http-nio-8080-exec-1] o.h.engine.jdbc.spi.SqlExceptionHelper   : Duplicate entry 'IJustWantToTestForLogger1@logger.com' for key 'PRIMARY'
2020-01-03 11:06:19.729  INFO 46805 --- [http-nio-8080-exec-5] com.icart.SellerMS.controller.SellerAPI  : USER IS ATTEMPTING TO REGISTER AS A SELLER WITH EMAIL ID: AnotherLoggerTest@logger.com
2020-01-03 11:32:36.378  INFO 46805 --- [RMI TCP Connection(43)-127.0.0.1] inMXBeanRegistrar$SpringApplicationAdmin : Application shutdown requested.
2020-01-03 11:32:36.470  INFO 46805 --- [RMI TCP Connection(43)-127.0.0.1] o.s.s.concurrent.ThreadPoolTaskExecutor  : Shutting down ExecutorService 'applicationTaskExecutor'
2020-01-03 11:32:36.484  INFO 46805 --- [RMI TCP Connection(43)-127.0.0.1] j.LocalContainerEntityManagerFactoryBean : Closing JPA EntityManagerFactory for persistence unit 'default'
2020-01-03 11:32:36.613  INFO 46805 --- [RMI TCP Connection(43)-127.0.0.1] com.zaxxer.hikari.HikariDataSource       : HikariPool-1 - Shutdown initiated...
2020-01-03 11:32:36.678  INFO 46805 --- [RMI TCP Connection(43)-127.0.0.1] com.zaxxer.hikari.HikariDataSource       : HikariPool-1 - Shutdown completed.
2020-01-03 11:32:47.655  INFO 47140 --- [main] com.icart.SellerMS.SellerMsApplication   : Starting SellerMsApplication on Kahlil.local with PID 47140 (/Users/machd/Desktop/iCart/iCart/SellerMS/target/classes started by machd in /Users/machd/Desktop/iCart/iCart/SellerMS)
2020-01-03 11:32:47.661  INFO 47140 --- [main] com.icart.SellerMS.SellerMsApplication   : No active profile set, falling back to default profiles: default
2020-01-03 11:32:49.864  INFO 47140 --- [main] .s.d.r.c.RepositoryConfigurationDelegate : Bootstrapping Spring Data JPA repositories in DEFAULT mode.
2020-01-03 11:32:49.956  INFO 47140 --- [main] .s.d.r.c.RepositoryConfigurationDelegate : Finished Spring Data repository scanning in 40ms. Found 0 JPA repository interfaces.
2020-01-03 11:32:50.675  INFO 47140 --- [main] trationDelegate$BeanPostProcessorChecker : Bean 'org.springframework.transaction.annotation.ProxyTransactionManagementConfiguration' of type [org.springframework.transaction.annotation.ProxyTransactionManagementConfiguration] is not eligible for getting processed by all BeanPostProcessors (for example: not eligible for auto-proxying)
2020-01-03 11:32:51.448  INFO 47140 --- [main] o.s.b.w.embedded.tomcat.TomcatWebServer  : Tomcat initialized with port(s): 8080 (http)
2020-01-03 11:32:51.488  INFO 47140 --- [main] o.apache.catalina.core.StandardService   : Starting service [Tomcat]
2020-01-03 11:32:51.489  INFO 47140 --- [main] org.apache.catalina.core.StandardEngine  : Starting Servlet engine: [Apache Tomcat/9.0.29]
2020-01-03 11:32:51.834  INFO 47140 --- [main] o.a.c.c.C.[Tomcat].[localhost].[/]       : Initializing Spring embedded WebApplicationContext
2020-01-03 11:32:51.835  INFO 47140 --- [main] o.s.web.context.ContextLoader            : Root WebApplicationContext: initialization completed in 4022 ms
2020-01-03 11:32:52.390  INFO 47140 --- [main] o.hibernate.jpa.internal.util.LogHelper  : HHH000204: Processing PersistenceUnitInfo [name: default]
2020-01-03 11:32:52.801  INFO 47140 --- [main] org.hibernate.Version                    : HHH000412: Hibernate Core {5.4.9.Final}
2020-01-03 11:32:53.625  INFO 47140 --- [main] o.hibernate.annotations.common.Version   : HCANN000001: Hibernate Commons Annotations {5.1.0.Final}
2020-01-03 11:32:54.103  INFO 47140 --- [main] com.zaxxer.hikari.HikariDataSource       : HikariPool-1 - Starting...
2020-01-03 11:32:56.009  INFO 47140 --- [main] com.zaxxer.hikari.HikariDataSource       : HikariPool-1 - Start completed.
2020-01-03 11:32:56.071  INFO 47140 --- [main] org.hibernate.dialect.Dialect            : HHH000400: Using dialect: org.hibernate.dialect.MySQL5Dialect
2020-01-03 11:32:58.586  INFO 47140 --- [main] o.h.e.t.j.p.i.JtaPlatformInitiator       : HHH000490: Using JtaPlatform implementation: [org.hibernate.engine.transaction.jta.platform.internal.NoJtaPlatform]
2020-01-03 11:32:58.613  INFO 47140 --- [main] j.LocalContainerEntityManagerFactoryBean : Initialized JPA EntityManagerFactory for persistence unit 'default'
2020-01-03 11:32:58.949  WARN 47140 --- [main] JpaBaseConfiguration$JpaWebConfiguration : spring.jpa.open-in-view is enabled by default. Therefore, database queries may be performed during view rendering. Explicitly configure spring.jpa.open-in-view to disable this warning
2020-01-03 11:32:59.441  INFO 47140 --- [main] o.s.s.concurrent.ThreadPoolTaskExecutor  : Initializing ExecutorService 'applicationTaskExecutor'
2020-01-03 11:33:00.143  INFO 47140 --- [main] o.s.b.w.embedded.tomcat.TomcatWebServer  : Tomcat started on port(s): 8080 (http) with context path ''
2020-01-03 11:33:00.161  INFO 47140 --- [main] com.icart.SellerMS.SellerMsApplication   : Started SellerMsApplication in 13.73 seconds (JVM running for 21.852)
2020-01-03 11:40:14.243  INFO 47140 --- [http-nio-8080-exec-2] o.a.c.c.C.[Tomcat].[localhost].[/]       : Initializing Spring DispatcherServlet 'dispatcherServlet'
2020-01-03 11:40:14.248  INFO 47140 --- [http-nio-8080-exec-2] o.s.web.servlet.DispatcherServlet        : Initializing Servlet 'dispatcherServlet'
2020-01-03 11:40:14.327  INFO 47140 --- [http-nio-8080-exec-2] o.s.web.servlet.DispatcherServlet        : Completed initialization in 78 ms
2020-01-03 11:40:15.413  INFO 47140 --- [http-nio-8080-exec-2] com.icart.SellerMS.controller.SellerAPI  : USER IS ATTEMPTING TO REGISTER AS A SELLER WITH EMAIL ID: AdamDriver@gmail.com
2020-01-03 11:40:15.698  INFO 47140 --- [http-nio-8080-exec-2] com.icart.SellerMS.controller.SellerAPI  : {awt.toolkit=sun.lwawt.macosx.LWCToolkit, java.specification.version=11, sun.cpu.isalist=, sun.jnu.encoding=UTF-8, sun.arch.data.model=64, java.vendor.url=http://java.oracle.com/, catalina.useNaming=false, sun.boot.library.path=/Library/Java/JavaVirtualMachines/jdk-11.0.1.jdk/Contents/Home/lib, com.sun.management.jmxremote.ssl=false, sun.java.command=com.icart.SellerMS.SellerMsApplication, jdk.debug=release, java.specification.vendor=Oracle Corporation, java.version.date=2018-10-16, java.home=/Library/Java/JavaVirtualMachines/jdk-11.0.1.jdk/Contents/Home, file.separator=/, java.vm.compressedOopsMode=Zero based, line.separator=
, java.specification.name=Java Platform API Specification, java.vm.specification.vendor=Oracle Corporation, sun.management.compiler=HotSpot 64-Bit Tiered Compilers, java.runtime.version=11.0.1+13-LTS, user.name=machd, file.encoding=UTF-8, java.vendor.version=18.9, java.io.tmpdir=/var/folders/c1/nv_b21j93r3_yjwqz59tc0z40000gn/T/, java.version=11.0.1, com.sun.management.jmxremote.port=53272, java.vm.specification.name=Java Virtual Machine Specification, PID=47140, java.awt.printerjob=sun.lwawt.macosx.CPrinterJob, sun.os.patch.level=unknown, java.library.path=/Users/machd/Library/Java/Extensions:/Library/Java/Extensions:/Network/Library/Java/Extensions:/System/Library/Java/Extensions:/usr/lib/java:., java.vendor=Oracle Corporation, java.rmi.server.randomIDs=true, sun.io.unicode.encoding=UnicodeBig, socksNonProxyHosts=local|*.local|169.254/16|*.169.254/16, gopherProxySet=false, java.class.path=/Users/machd/Desktop/iCart/iCart/SellerMS/target/classes:/Users/machd/.m2/repository/org/springframework/boot/spring-boot-starter-data-jpa/2.2.2.RELEASE/spring-boot-starter-data-jpa-2.2.2.RELEASE.jar:/Users/machd/.m2/repository/org/springframework/boot/spring-boot-starter-aop/2.2.2.RELEASE/spring-boot-starter-aop-2.2.2.RELEASE.jar:/Users/machd/.m2/repository/org/springframework/spring-aop/5.2.2.RELEASE/spring-aop-5.2.2.RELEASE.jar:/Users/machd/.m2/repository/org/aspectj/aspectjweaver/1.9.5/aspectjweaver-1.9.5.jar:/Users/machd/.m2/repository/org/springframework/boot/spring-boot-starter-jdbc/2.2.2.RELEASE/spring-boot-starter-jdbc-2.2.2.RELEASE.jar:/Users/machd/.m2/repository/com/zaxxer/HikariCP/3.4.1/HikariCP-3.4.1.jar:/Users/machd/.m2/repository/org/springframework/spring-jdbc/5.2.2.RELEASE/spring-jdbc-5.2.2.RELEASE.jar:/Users/machd/.m2/repository/jakarta/activation/jakarta.activation-api/1.2.1/jakarta.activation-api-1.2.1.jar:/Users/machd/.m2/repository/jakarta/persistence/jakarta.persistence-api/2.2.3/jakarta.persistence-api-2.2.3.jar:/Users/machd/.m2/repository/jakarta/transaction/jakarta.transaction-api/1.3.3/jakarta.transaction-api-1.3.3.jar:/Users/machd/.m2/repository/org/hibernate/hibernate-core/5.4.9.Final/hibernate-core-5.4.9.Final.jar:/Users/machd/.m2/repository/org/jboss/logging/jboss-logging/3.4.1.Final/jboss-logging-3.4.1.Final.jar:/Users/machd/.m2/repository/org/javassist/javassist/3.24.0-GA/javassist-3.24.0-GA.jar:/Users/machd/.m2/repository/net/bytebuddy/byte-buddy/1.10.4/byte-buddy-1.10.4.jar:/Users/machd/.m2/repository/antlr/antlr/2.7.7/antlr-2.7.7.jar:/Users/machd/.m2/repository/org/jboss/jandex/2.1.1.Final/jandex-2.1.1.Final.jar:/Users/machd/.m2/repository/com/fasterxml/classmate/1.5.1/classmate-1.5.1.jar:/Users/machd/.m2/repository/org/dom4j/dom4j/2.1.1/dom4j-2.1.1.jar:/Users/machd/.m2/repository/org/hibernate/common/hibernate-commons-annotations/5.1.0.Final/hibernate-commons-annotations-5.1.0.Final.jar:/Users/machd/.m2/repository/org/glassfish/jaxb/jaxb-runtime/2.3.2/jaxb-runtime-2.3.2.jar:/Users/machd/.m2/repository/org/glassfish/jaxb/txw2/2.3.2/txw2-2.3.2.jar:/Users/machd/.m2/repository/com/sun/istack/istack-commons-runtime/3.0.8/istack-commons-runtime-3.0.8.jar:/Users/machd/.m2/repository/org/jvnet/staxex/stax-ex/1.8.1/stax-ex-1.8.1.jar:/Users/machd/.m2/repository/com/sun/xml/fastinfoset/FastInfoset/1.2.16/FastInfoset-1.2.16.jar:/Users/machd/.m2/repository/org/springframework/data/spring-data-jpa/2.2.3.RELEASE/spring-data-jpa-2.2.3.RELEASE.jar:/Users/machd/.m2/repository/org/springframework/data/spring-data-commons/2.2.3.RELEASE/spring-data-commons-2.2.3.RELEASE.jar:/Users/machd/.m2/repository/org/springframework/spring-orm/5.2.2.RELEASE/spring-orm-5.2.2.RELEASE.jar:/Users/machd/.m2/repository/org/springframework/spring-context/5.2.2.RELEASE/spring-context-5.2.2.RELEASE.jar:/Users/machd/.m2/repository/org/springframework/spring-tx/5.2.2.RELEASE/spring-tx-5.2.2.RELEASE.jar:/Users/machd/.m2/repository/org/springframework/spring-beans/5.2.2.RELEASE/spring-beans-5.2.2.RELEASE.jar:/Users/machd/.m2/repository/org/slf4j/slf4j-api/1.7.29/slf4j-api-1.7.29.jar:/Users/machd/.m2/repository/org/springframework/spring-aspects/5.2.2.RELEASE/spring-aspects-5.2.2.RELEASE.jar:/Users/machd/.m2/repository/org/springframework/boot/spring-boot-starter-web/2.2.2.RELEASE/spring-boot-starter-web-2.2.2.RELEASE.jar:/Users/machd/.m2/repository/org/springframework/boot/spring-boot-starter/2.2.2.RELEASE/spring-boot-starter-2.2.2.RELEASE.jar:/Users/machd/.m2/repository/org/springframework/boot/spring-boot/2.2.2.RELEASE/spring-boot-2.2.2.RELEASE.jar:/Users/machd/.m2/repository/org/springframework/boot/spring-boot-autoconfigure/2.2.2.RELEASE/spring-boot-autoconfigure-2.2.2.RELEASE.jar:/Users/machd/.m2/repository/org/springframework/boot/spring-boot-starter-logging/2.2.2.RELEASE/spring-boot-starter-logging-2.2.2.RELEASE.jar:/Users/machd/.m2/repository/ch/qos/logback/logback-classic/1.2.3/logback-classic-1.2.3.jar:/Users/machd/.m2/repository/ch/qos/logback/logback-core/1.2.3/logback-core-1.2.3.jar:/Users/machd/.m2/repository/org/apache/logging/log4j/log4j-to-slf4j/2.12.1/log4j-to-slf4j-2.12.1.jar:/Users/machd/.m2/repository/org/apache/logging/log4j/log4j-api/2.12.1/log4j-api-2.12.1.jar:/Users/machd/.m2/repository/org/slf4j/jul-to-slf4j/1.7.29/jul-to-slf4j-1.7.29.jar:/Users/machd/.m2/repository/jakarta/annotation/jakarta.annotation-api/1.3.5/jakarta.annotation-api-1.3.5.jar:/Users/machd/.m2/repository/org/yaml/snakeyaml/1.25/snakeyaml-1.25.jar:/Users/machd/.m2/repository/org/springframework/boot/spring-boot-starter-json/2.2.2.RELEASE/spring-boot-starter-json-2.2.2.RELEASE.jar:/Users/machd/.m2/repository/com/fasterxml/jackson/core/jackson-databind/2.10.1/jackson-databind-2.10.1.jar:/Users/machd/.m2/repository/com/fasterxml/jackson/core/jackson-annotations/2.10.1/jackson-annotations-2.10.1.jar:/Users/machd/.m2/repository/com/fasterxml/jackson/core/jackson-core/2.10.1/jackson-core-2.10.1.jar:/Users/machd/.m2/repository/com/fasterxml/jackson/datatype/jackson-datatype-jdk8/2.10.1/jackson-datatype-jdk8-2.10.1.jar:/Users/machd/.m2/repository/com/fasterxml/jackson/datatype/jackson-datatype-jsr310/2.10.1/jackson-datatype-jsr310-2.10.1.jar:/Users/machd/.m2/repository/com/fasterxml/jackson/module/jackson-module-parameter-names/2.10.1/jackson-module-parameter-names-2.10.1.jar:/Users/machd/.m2/repository/org/springframework/boot/spring-boot-starter-tomcat/2.2.2.RELEASE/spring-boot-starter-tomcat-2.2.2.RELEASE.jar:/Users/machd/.m2/repository/org/apache/tomcat/embed/tomcat-embed-core/9.0.29/tomcat-embed-core-9.0.29.jar:/Users/machd/.m2/repository/org/apache/tomcat/embed/tomcat-embed-el/9.0.29/tomcat-embed-el-9.0.29.jar:/Users/machd/.m2/repository/org/apache/tomcat/embed/tomcat-embed-websocket/9.0.29/tomcat-embed-websocket-9.0.29.jar:/Users/machd/.m2/repository/org/springframework/boot/spring-boot-starter-validation/2.2.2.RELEASE/spring-boot-starter-validation-2.2.2.RELEASE.jar:/Users/machd/.m2/repository/jakarta/validation/jakarta.validation-api/2.0.1/jakarta.validation-api-2.0.1.jar:/Users/machd/.m2/repository/org/hibernate/validator/hibernate-validator/6.0.18.Final/hibernate-validator-6.0.18.Final.jar:/Users/machd/.m2/repository/org/springframework/spring-web/5.2.2.RELEASE/spring-web-5.2.2.RELEASE.jar:/Users/machd/.m2/repository/org/springframework/spring-webmvc/5.2.2.RELEASE/spring-webmvc-5.2.2.RELEASE.jar:/Users/machd/.m2/repository/org/springframework/spring-expression/5.2.2.RELEASE/spring-expression-5.2.2.RELEASE.jar:/Users/machd/.m2/repository/mysql/mysql-connector-java/8.0.18/mysql-connector-java-8.0.18.jar:/Users/machd/.m2/repository/jakarta/xml/bind/jakarta.xml.bind-api/2.3.2/jakarta.xml.bind-api-2.3.2.jar:/Users/machd/.m2/repository/org/springframework/spring-core/5.2.2.RELEASE/spring-core-5.2.2.RELEASE.jar:/Users/machd/.m2/repository/org/springframework/spring-jcl/5.2.2.RELEASE/spring-jcl-5.2.2.RELEASE.jar, com.sun.management.jmxremote.authenticate=false, java.vm.vendor=Oracle Corporation, user.timezone=America/Phoenix, os.name=Mac OS X, java.vm.specification.version=11, sun.java.launcher=SUN_STANDARD, user.country=US, spring.application.admin.enabled=true, http.nonProxyHosts=local|*.local|169.254/16|*.169.254/16, com.sun.management.jmxremote=, sun.cpu.endian=little, user.home=/Users/machd, spring.boot.project.name=SellerMS, user.language=en, java.awt.graphicsenv=sun.awt.CGraphicsEnvironment, java.awt.headless=true, ftp.nonProxyHosts=local|*.local|169.254/16|*.169.254/16, spring.jmx.enabled=true, path.separator=:, java.security.egd=file:/dev/./urandom, os.version=10.14.6, java.runtime.name=Java(TM) SE Runtime Environment, spring.beaninfo.ignore=true, java.vm.name=Java HotSpot(TM) 64-Bit Server VM, LOG_FILE=logs/error.log, java.vendor.url.bug=http://bugreport.java.com/bugreport/, catalina.home=/private/var/folders/c1/nv_b21j93r3_yjwqz59tc0z40000gn/T/tomcat.17738629401411087502.8080, user.dir=/Users/machd/Desktop/iCart/iCart/SellerMS, os.arch=x86_64, catalina.base=/private/var/folders/c1/nv_b21j93r3_yjwqz59tc0z40000gn/T/tomcat.17738629401411087502.8080, java.vm.info=mixed mode, java.vm.version=11.0.1+13-LTS, hibernate.bytecode.use_reflection_optimizer=false, java.rmi.server.hostname=localhost, java.class.version=55.0}
2020-01-03 11:41:54.392  INFO 47140 --- [RMI TCP Connection(20)-127.0.0.1] inMXBeanRegistrar$SpringApplicationAdmin : Application shutdown requested.
2020-01-03 11:41:54.426  INFO 47140 --- [RMI TCP Connection(20)-127.0.0.1] o.s.s.concurrent.ThreadPoolTaskExecutor  : Shutting down ExecutorService 'applicationTaskExecutor'
2020-01-03 11:41:54.429  INFO 47140 --- [RMI TCP Connection(20)-127.0.0.1] j.LocalContainerEntityManagerFactoryBean : Closing JPA EntityManagerFactory for persistence unit 'default'
2020-01-03 11:41:54.450  INFO 47140 --- [RMI TCP Connection(20)-127.0.0.1] com.zaxxer.hikari.HikariDataSource       : HikariPool-1 - Shutdown initiated...
2020-01-03 11:41:54.485  INFO 47140 --- [RMI TCP Connection(20)-127.0.0.1] com.zaxxer.hikari.HikariDataSource       : HikariPool-1 - Shutdown completed.
2020-01-03 11:42:03.485  INFO 47267 --- [main] com.icart.SellerMS.SellerMsApplication   : Starting SellerMsApplication on Kahlil.local with PID 47267 (/Users/machd/Desktop/iCart/iCart/SellerMS/target/classes started by machd in /Users/machd/Desktop/iCart/iCart/SellerMS)
2020-01-03 11:42:03.492  INFO 47267 --- [main] com.icart.SellerMS.SellerMsApplication   : No active profile set, falling back to default profiles: default
2020-01-03 11:42:05.232  INFO 47267 --- [main] .s.d.r.c.RepositoryConfigurationDelegate : Bootstrapping Spring Data JPA repositories in DEFAULT mode.
2020-01-03 11:42:05.304  INFO 47267 --- [main] .s.d.r.c.RepositoryConfigurationDelegate : Finished Spring Data repository scanning in 35ms. Found 0 JPA repository interfaces.
2020-01-03 11:42:05.890  INFO 47267 --- [main] trationDelegate$BeanPostProcessorChecker : Bean 'org.springframework.transaction.annotation.ProxyTransactionManagementConfiguration' of type [org.springframework.transaction.annotation.ProxyTransactionManagementConfiguration] is not eligible for getting processed by all BeanPostProcessors (for example: not eligible for auto-proxying)
2020-01-03 11:42:06.471  INFO 47267 --- [main] o.s.b.w.embedded.tomcat.TomcatWebServer  : Tomcat initialized with port(s): 8080 (http)
2020-01-03 11:42:06.507  INFO 47267 --- [main] o.apache.catalina.core.StandardService   : Starting service [Tomcat]
2020-01-03 11:42:06.508  INFO 47267 --- [main] org.apache.catalina.core.StandardEngine  : Starting Servlet engine: [Apache Tomcat/9.0.29]
2020-01-03 11:42:06.734  INFO 47267 --- [main] o.a.c.c.C.[Tomcat].[localhost].[/]       : Initializing Spring embedded WebApplicationContext
2020-01-03 11:42:06.734  INFO 47267 --- [main] o.s.web.context.ContextLoader            : Root WebApplicationContext: initialization completed in 3103 ms
2020-01-03 11:42:07.171  INFO 47267 --- [main] o.hibernate.jpa.internal.util.LogHelper  : HHH000204: Processing PersistenceUnitInfo [name: default]
2020-01-03 11:42:07.458  INFO 47267 --- [main] org.hibernate.Version                    : HHH000412: Hibernate Core {5.4.9.Final}
2020-01-03 11:42:07.990  INFO 47267 --- [main] o.hibernate.annotations.common.Version   : HCANN000001: Hibernate Commons Annotations {5.1.0.Final}
2020-01-03 11:42:08.278  INFO 47267 --- [main] com.zaxxer.hikari.HikariDataSource       : HikariPool-1 - Starting...
2020-01-03 11:42:08.885  INFO 47267 --- [main] com.zaxxer.hikari.HikariDataSource       : HikariPool-1 - Start completed.
2020-01-03 11:42:08.931  INFO 47267 --- [main] org.hibernate.dialect.Dialect            : HHH000400: Using dialect: org.hibernate.dialect.MySQL5Dialect
2020-01-03 11:42:10.717  INFO 47267 --- [main] o.h.e.t.j.p.i.JtaPlatformInitiator       : HHH000490: Using JtaPlatform implementation: [org.hibernate.engine.transaction.jta.platform.internal.NoJtaPlatform]
2020-01-03 11:42:10.735  INFO 47267 --- [main] j.LocalContainerEntityManagerFactoryBean : Initialized JPA EntityManagerFactory for persistence unit 'default'
2020-01-03 11:42:11.059  WARN 47267 --- [main] JpaBaseConfiguration$JpaWebConfiguration : spring.jpa.open-in-view is enabled by default. Therefore, database queries may be performed during view rendering. Explicitly configure spring.jpa.open-in-view to disable this warning
2020-01-03 11:42:11.466  INFO 47267 --- [main] o.s.s.concurrent.ThreadPoolTaskExecutor  : Initializing ExecutorService 'applicationTaskExecutor'
2020-01-03 11:42:12.090  INFO 47267 --- [main] o.s.b.w.embedded.tomcat.TomcatWebServer  : Tomcat started on port(s): 8080 (http) with context path ''
2020-01-03 11:42:12.103  INFO 47267 --- [main] com.icart.SellerMS.SellerMsApplication   : Started SellerMsApplication in 9.431 seconds (JVM running for 16.079)
2020-01-03 11:45:17.379  INFO 47267 --- [http-nio-8080-exec-1] o.a.c.c.C.[Tomcat].[localhost].[/]       : Initializing Spring DispatcherServlet 'dispatcherServlet'
2020-01-03 11:45:17.388  INFO 47267 --- [http-nio-8080-exec-1] o.s.web.servlet.DispatcherServlet        : Initializing Servlet 'dispatcherServlet'
2020-01-03 11:45:17.462  INFO 47267 --- [http-nio-8080-exec-1] o.s.web.servlet.DispatcherServlet        : Completed initialization in 71 ms
2020-01-03 11:45:18.407  INFO 47267 --- [http-nio-8080-exec-1] com.icart.SellerMS.controller.SellerAPI  : USER IS ATTEMPTING TO REGISTER AS A SELLER WITH EMAIL ID: John@yahoo.com
2020-01-03 11:45:18.845  WARN 47267 --- [http-nio-8080-exec-1] o.h.engine.jdbc.spi.SqlExceptionHelper   : SQL Error: 1406, SQLState: 22001
2020-01-03 11:45:18.850 ERROR 47267 --- [http-nio-8080-exec-1] o.h.engine.jdbc.spi.SqlExceptionHelper   : Data truncation: Data too long for column 'PHONE_NUMBER' at row 1
2020-01-03 11:47:25.293  INFO 47267 --- [http-nio-8080-exec-5] com.icart.SellerMS.controller.SellerAPI  : USER IS ATTEMPTING TO REGISTER AS A SELLER WITH EMAIL ID: John@yahoo.com
2020-01-03 11:47:25.465  INFO 47267 --- [http-nio-8080-exec-5] com.icart.SellerMS.controller.SellerAPI  : SUCCESSFULLY REGISTERED SELLER: John@yahoo.com
2020-01-03 11:58:33.440  INFO 47267 --- [RMI TCP Connection(29)-127.0.0.1] inMXBeanRegistrar$SpringApplicationAdmin : Application shutdown requested.
2020-01-03 11:58:33.484  INFO 47267 --- [RMI TCP Connection(29)-127.0.0.1] o.s.s.concurrent.ThreadPoolTaskExecutor  : Shutting down ExecutorService 'applicationTaskExecutor'
2020-01-03 11:58:33.488  INFO 47267 --- [RMI TCP Connection(29)-127.0.0.1] j.LocalContainerEntityManagerFactoryBean : Closing JPA EntityManagerFactory for persistence unit 'default'
2020-01-03 11:58:33.507  INFO 47267 --- [RMI TCP Connection(29)-127.0.0.1] com.zaxxer.hikari.HikariDataSource       : HikariPool-1 - Shutdown initiated...
2020-01-03 11:58:33.720  INFO 47267 --- [RMI TCP Connection(29)-127.0.0.1] com.zaxxer.hikari.HikariDataSource       : HikariPool-1 - Shutdown completed.
2020-01-03 11:58:44.599  INFO 47537 --- [main] com.icart.SellerMS.SellerMsApplication   : Starting SellerMsApplication on Kahlil.local with PID 47537 (/Users/machd/Desktop/iCart/iCart/SellerMS/target/classes started by machd in /Users/machd/Desktop/iCart/iCart/SellerMS)
2020-01-03 11:58:44.603  INFO 47537 --- [main] com.icart.SellerMS.SellerMsApplication   : No active profile set, falling back to default profiles: default
2020-01-03 11:58:46.735  INFO 47537 --- [main] .s.d.r.c.RepositoryConfigurationDelegate : Bootstrapping Spring Data JPA repositories in DEFAULT mode.
2020-01-03 11:58:46.853  INFO 47537 --- [main] .s.d.r.c.RepositoryConfigurationDelegate : Finished Spring Data repository scanning in 76ms. Found 0 JPA repository interfaces.
2020-01-03 11:58:47.545  INFO 47537 --- [main] trationDelegate$BeanPostProcessorChecker : Bean 'org.springframework.transaction.annotation.ProxyTransactionManagementConfiguration' of type [org.springframework.transaction.annotation.ProxyTransactionManagementConfiguration] is not eligible for getting processed by all BeanPostProcessors (for example: not eligible for auto-proxying)
2020-01-03 11:58:48.308  INFO 47537 --- [main] o.s.b.w.embedded.tomcat.TomcatWebServer  : Tomcat initialized with port(s): 8080 (http)
2020-01-03 11:58:48.344  INFO 47537 --- [main] o.apache.catalina.core.StandardService   : Starting service [Tomcat]
2020-01-03 11:58:48.345  INFO 47537 --- [main] org.apache.catalina.core.StandardEngine  : Starting Servlet engine: [Apache Tomcat/9.0.29]
2020-01-03 11:58:48.647  INFO 47537 --- [main] o.a.c.c.C.[Tomcat].[localhost].[/]       : Initializing Spring embedded WebApplicationContext
2020-01-03 11:58:48.648  INFO 47537 --- [main] o.s.web.context.ContextLoader            : Root WebApplicationContext: initialization completed in 3871 ms
2020-01-03 11:58:49.145  INFO 47537 --- [main] o.hibernate.jpa.internal.util.LogHelper  : HHH000204: Processing PersistenceUnitInfo [name: default]
2020-01-03 11:58:49.562  INFO 47537 --- [main] org.hibernate.Version                    : HHH000412: Hibernate Core {5.4.9.Final}
2020-01-03 11:58:50.393  INFO 47537 --- [main] o.hibernate.annotations.common.Version   : HCANN000001: Hibernate Commons Annotations {5.1.0.Final}
2020-01-03 11:58:50.858  INFO 47537 --- [main] com.zaxxer.hikari.HikariDataSource       : HikariPool-1 - Starting...
2020-01-03 11:58:52.805  INFO 47537 --- [main] com.zaxxer.hikari.HikariDataSource       : HikariPool-1 - Start completed.
2020-01-03 11:58:52.865  INFO 47537 --- [main] org.hibernate.dialect.Dialect            : HHH000400: Using dialect: org.hibernate.dialect.MySQL5Dialect
2020-01-03 11:58:55.142  INFO 47537 --- [main] o.h.e.t.j.p.i.JtaPlatformInitiator       : HHH000490: Using JtaPlatform implementation: [org.hibernate.engine.transaction.jta.platform.internal.NoJtaPlatform]
2020-01-03 11:58:55.169  INFO 47537 --- [main] j.LocalContainerEntityManagerFactoryBean : Initialized JPA EntityManagerFactory for persistence unit 'default'
2020-01-03 11:58:55.537  WARN 47537 --- [main] JpaBaseConfiguration$JpaWebConfiguration : spring.jpa.open-in-view is enabled by default. Therefore, database queries may be performed during view rendering. Explicitly configure spring.jpa.open-in-view to disable this warning
2020-01-03 11:58:56.017  INFO 47537 --- [main] o.s.s.concurrent.ThreadPoolTaskExecutor  : Initializing ExecutorService 'applicationTaskExecutor'
2020-01-03 11:58:56.684  INFO 47537 --- [main] o.s.b.w.embedded.tomcat.TomcatWebServer  : Tomcat started on port(s): 8080 (http) with context path ''
2020-01-03 11:58:56.700  INFO 47537 --- [main] com.icart.SellerMS.SellerMsApplication   : Started SellerMsApplication in 13.422 seconds (JVM running for 21.443)
2020-01-03 12:01:21.550  INFO 47537 --- [http-nio-8080-exec-1] o.a.c.c.C.[Tomcat].[localhost].[/]       : Initializing Spring DispatcherServlet 'dispatcherServlet'
2020-01-03 12:01:21.555  INFO 47537 --- [http-nio-8080-exec-1] o.s.web.servlet.DispatcherServlet        : Initializing Servlet 'dispatcherServlet'
2020-01-03 12:01:21.606  INFO 47537 --- [http-nio-8080-exec-1] o.s.web.servlet.DispatcherServlet        : Completed initialization in 50 ms
2020-01-03 12:01:22.120  INFO 47537 --- [http-nio-8080-exec-1] com.icart.SellerMS.controller.SellerAPI  : ATTEMPTING TO RETRIEVE ALL SELLERS ... 
2020-01-03 12:01:22.783  INFO 47537 --- [http-nio-8080-exec-1] com.icart.SellerMS.controller.SellerAPI  : LIST HAS BEEN RETRIEVED ... 
2020-01-03 12:52:46.172  WARN 47537 --- [HikariPool-1 housekeeper] com.zaxxer.hikari.pool.HikariPool        : HikariPool-1 - Thread starvation or clock leap detected (housekeeper delta=48m23s203ms).
2020-01-03 13:24:40.003  INFO 47537 --- [RMI TCP Connection(50)-127.0.0.1] inMXBeanRegistrar$SpringApplicationAdmin : Application shutdown requested.
2020-01-03 13:24:40.413  INFO 47537 --- [RMI TCP Connection(50)-127.0.0.1] o.s.s.concurrent.ThreadPoolTaskExecutor  : Shutting down ExecutorService 'applicationTaskExecutor'
2020-01-03 13:24:40.458  INFO 47537 --- [RMI TCP Connection(50)-127.0.0.1] j.LocalContainerEntityManagerFactoryBean : Closing JPA EntityManagerFactory for persistence unit 'default'
2020-01-03 13:24:40.626  INFO 47537 --- [RMI TCP Connection(50)-127.0.0.1] com.zaxxer.hikari.HikariDataSource       : HikariPool-1 - Shutdown initiated...
2020-01-03 13:24:40.684  INFO 47537 --- [RMI TCP Connection(50)-127.0.0.1] com.zaxxer.hikari.HikariDataSource       : HikariPool-1 - Shutdown completed.
2020-01-03 13:24:52.901  INFO 47918 --- [main] com.icart.SellerMS.SellerMsApplication   : Starting SellerMsApplication on Kahlil.local with PID 47918 (/Users/machd/Desktop/iCart/iCart/SellerMS/target/classes started by machd in /Users/machd/Desktop/iCart/iCart/SellerMS)
2020-01-03 13:24:52.907  INFO 47918 --- [main] com.icart.SellerMS.SellerMsApplication   : No active profile set, falling back to default profiles: default
2020-01-03 13:24:55.362  INFO 47918 --- [main] .s.d.r.c.RepositoryConfigurationDelegate : Bootstrapping Spring Data JPA repositories in DEFAULT mode.
2020-01-03 13:24:55.453  INFO 47918 --- [main] .s.d.r.c.RepositoryConfigurationDelegate : Finished Spring Data repository scanning in 41ms. Found 0 JPA repository interfaces.
2020-01-03 13:24:56.390  INFO 47918 --- [main] trationDelegate$BeanPostProcessorChecker : Bean 'org.springframework.transaction.annotation.ProxyTransactionManagementConfiguration' of type [org.springframework.transaction.annotation.ProxyTransactionManagementConfiguration] is not eligible for getting processed by all BeanPostProcessors (for example: not eligible for auto-proxying)
2020-01-03 13:24:57.167  INFO 47918 --- [main] o.s.b.w.embedded.tomcat.TomcatWebServer  : Tomcat initialized with port(s): 8080 (http)
2020-01-03 13:24:57.206  INFO 47918 --- [main] o.apache.catalina.core.StandardService   : Starting service [Tomcat]
2020-01-03 13:24:57.207  INFO 47918 --- [main] org.apache.catalina.core.StandardEngine  : Starting Servlet engine: [Apache Tomcat/9.0.29]
2020-01-03 13:24:57.505  INFO 47918 --- [main] o.a.c.c.C.[Tomcat].[localhost].[/]       : Initializing Spring embedded WebApplicationContext
2020-01-03 13:24:57.506  INFO 47918 --- [main] o.s.web.context.ContextLoader            : Root WebApplicationContext: initialization completed in 4336 ms
2020-01-03 13:24:58.095  INFO 47918 --- [main] o.hibernate.jpa.internal.util.LogHelper  : HHH000204: Processing PersistenceUnitInfo [name: default]
2020-01-03 13:24:58.532  INFO 47918 --- [main] org.hibernate.Version                    : HHH000412: Hibernate Core {5.4.9.Final}
2020-01-03 13:24:59.353  INFO 47918 --- [main] o.hibernate.annotations.common.Version   : HCANN000001: Hibernate Commons Annotations {5.1.0.Final}
2020-01-03 13:24:59.861  INFO 47918 --- [main] com.zaxxer.hikari.HikariDataSource       : HikariPool-1 - Starting...
2020-01-03 13:25:01.878  INFO 47918 --- [main] com.zaxxer.hikari.HikariDataSource       : HikariPool-1 - Start completed.
2020-01-03 13:25:01.937  INFO 47918 --- [main] org.hibernate.dialect.Dialect            : HHH000400: Using dialect: org.hibernate.dialect.MySQL5Dialect
2020-01-03 13:25:04.843  INFO 47918 --- [main] o.h.e.t.j.p.i.JtaPlatformInitiator       : HHH000490: Using JtaPlatform implementation: [org.hibernate.engine.transaction.jta.platform.internal.NoJtaPlatform]
2020-01-03 13:25:04.873  INFO 47918 --- [main] j.LocalContainerEntityManagerFactoryBean : Initialized JPA EntityManagerFactory for persistence unit 'default'
2020-01-03 13:25:06.019  WARN 47918 --- [main] JpaBaseConfiguration$JpaWebConfiguration : spring.jpa.open-in-view is enabled by default. Therefore, database queries may be performed during view rendering. Explicitly configure spring.jpa.open-in-view to disable this warning
2020-01-03 13:25:08.140  INFO 47918 --- [main] o.s.s.concurrent.ThreadPoolTaskExecutor  : Initializing ExecutorService 'applicationTaskExecutor'
2020-01-03 13:25:10.497  INFO 47918 --- [main] o.s.b.w.embedded.tomcat.TomcatWebServer  : Tomcat started on port(s): 8080 (http) with context path ''
2020-01-03 13:25:10.572  INFO 47918 --- [main] com.icart.SellerMS.SellerMsApplication   : Started SellerMsApplication in 19.089 seconds (JVM running for 27.656)
2020-01-03 13:27:04.849  INFO 47918 --- [http-nio-8080-exec-1] o.a.c.c.C.[Tomcat].[localhost].[/]       : Initializing Spring DispatcherServlet 'dispatcherServlet'
2020-01-03 13:27:04.854  INFO 47918 --- [http-nio-8080-exec-1] o.s.web.servlet.DispatcherServlet        : Initializing Servlet 'dispatcherServlet'
2020-01-03 13:27:04.899  INFO 47918 --- [http-nio-8080-exec-1] o.s.web.servlet.DispatcherServlet        : Completed initialization in 45 ms
2020-01-03 13:27:06.107  INFO 47918 --- [http-nio-8080-exec-1] com.icart.SellerMS.controller.SellerAPI  : USER ATTEMPTING TO UPDATE ACCOUNT ... 
2020-01-03 13:27:06.507  INFO 47918 --- [http-nio-8080-exec-1] com.icart.SellerMS.controller.SellerAPI  : null
2020-01-03 13:32:58.682  INFO 47918 --- [http-nio-8080-exec-6] com.icart.SellerMS.controller.SellerAPI  : USER ATTEMPTING TO UPDATE ACCOUNT ... 
2020-01-03 13:32:58.902  INFO 47918 --- [http-nio-8080-exec-6] com.icart.SellerMS.controller.SellerAPI  : null
2020-01-03 13:58:25.222  INFO 47918 --- [RMI TCP Connection(52)-127.0.0.1] inMXBeanRegistrar$SpringApplicationAdmin : Application shutdown requested.
2020-01-03 13:58:25.258  INFO 47918 --- [RMI TCP Connection(52)-127.0.0.1] o.s.s.concurrent.ThreadPoolTaskExecutor  : Shutting down ExecutorService 'applicationTaskExecutor'
2020-01-03 13:58:25.261  INFO 47918 --- [RMI TCP Connection(52)-127.0.0.1] j.LocalContainerEntityManagerFactoryBean : Closing JPA EntityManagerFactory for persistence unit 'default'
2020-01-03 13:58:25.282  INFO 47918 --- [RMI TCP Connection(52)-127.0.0.1] com.zaxxer.hikari.HikariDataSource       : HikariPool-1 - Shutdown initiated...
2020-01-03 13:58:25.336  INFO 47918 --- [RMI TCP Connection(52)-127.0.0.1] com.zaxxer.hikari.HikariDataSource       : HikariPool-1 - Shutdown completed.
